\BOOKMARK [0][-]{chapter.1}{\376\377\000I\000n\000t\000r\000o\000d\000u\000c\000c\000i\000\363\000n}{}% 1
\BOOKMARK [1][-]{section.1.1}{\376\377\000M\000o\000t\000i\000v\000a\000c\000i\000\363\000n}{chapter.1}% 2
\BOOKMARK [1][-]{section.1.2}{\376\377\000O\000b\000j\000e\000t\000i\000v\000o\000s}{chapter.1}% 3
\BOOKMARK [1][-]{section.1.3}{\376\377\000E\000s\000t\000r\000u\000c\000t\000u\000r\000a\000\040\000d\000e\000\040\000l\000a\000\040\000m\000e\000m\000o\000r\000i\000a}{chapter.1}% 4
\BOOKMARK [0][-]{chapter.2}{\376\377\000C\000o\000m\000p\000e\000t\000e\000n\000c\000i\000a\000s\000\040\000e\000s\000p\000e\000c\000\355\000f\000i\000c\000a\000s}{}% 5
\BOOKMARK [0][-]{chapter.3}{\376\377\000O\000b\000j\000e\000t\000i\000v\000o\000s\000\040\000i\000n\000i\000c\000i\000a\000l\000e\000s\000\040\000y\000\040\000e\000s\000t\000a\000d\000o\000\040\000a\000c\000t\000u\000a\000l}{}% 6
\BOOKMARK [0][-]{chapter.4}{\376\377\000M\000a\000r\000c\000o\000\040\000t\000e\000\363\000r\000i\000c\000o}{}% 7
\BOOKMARK [1][-]{section.4.1}{\376\377\000H\000i\000s\000t\000o\000r\000i\000a\000\040\000d\000e\000\040\000l\000a\000\040\000W\000e\000b\000\040\000h\000a\000s\000t\000a\000\040\000l\000a\000\040\000W\000e\000b\000\040\0003\000.\0000}{chapter.4}% 8
\BOOKMARK [1][-]{section.4.2}{\376\377\000C\000o\000n\000c\000e\000p\000t\000o\000\040\000d\000e\000\040\000C\000r\000y\000p\000t\000o\000m\000o\000n\000e\000d\000a}{chapter.4}% 9
\BOOKMARK [1][-]{section.4.3}{\376\377\000C\000o\000n\000c\000e\000p\000t\000o\000\040\000d\000e\000\040\000N\000F\000T}{chapter.4}% 10
\BOOKMARK [1][-]{section.4.4}{\376\377\000C\000o\000n\000c\000e\000p\000t\000o\000\040\000d\000e\000\040\000C\000r\000y\000p\000t\000o\000C\000a\000r\000t\000e\000r\000a}{chapter.4}% 11
\BOOKMARK [0][-]{chapter.5}{\376\377\000E\000s\000t\000a\000d\000o\000\040\000d\000e\000l\000\040\000A\000r\000t\000e}{}% 12
\BOOKMARK [1][-]{section.5.1}{\376\377\000I\000n\000d\000u\000s\000t\000r\000i\000a\000\040\000d\000e\000\040\000l\000a\000\040\000W\000e\000b\000\040\0003\000.\0000}{chapter.5}% 13
\BOOKMARK [1][-]{section.5.2}{\376\377\000P\000\341\000g\000i\000n\000a\000s\000\040\000p\000r\000i\000n\000c\000i\000p\000a\000l\000e\000s\000\040\000d\000e\000\040\000l\000a\000\040\000W\000e\000b\000\040\0003\000\040\000e\000n\000\040\000s\000u\000s\000\040\000d\000i\000s\000t\000i\000n\000t\000o\000s\000\040\000\341\000m\000b\000i\000t\000o\000s}{chapter.5}% 14
\BOOKMARK [1][-]{section.5.3}{\376\377\000C\000o\000n\000c\000l\000u\000s\000i\000\363\000n}{chapter.5}% 15
\BOOKMARK [0][-]{chapter.6}{\376\377\000R\000e\000c\000u\000r\000s\000o\000s\000\040\000y\000\040\000t\000e\000c\000n\000o\000l\000o\000g\000\355\000a\000s}{}% 16
\BOOKMARK [1][-]{section.6.1}{\376\377\000A\000n\000g\000u\000l\000a\000r}{chapter.6}% 17
\BOOKMARK [1][-]{section.6.2}{\376\377\000E\000x\000p\000r\000e\000s\000s\000.\000J\000S}{chapter.6}% 18
\BOOKMARK [1][-]{section.6.3}{\376\377\000A\000P\000I\000'\000s}{chapter.6}% 19
\BOOKMARK [2][-]{subsection.6.3.1}{\376\377\000F\000i\000r\000e\000b\000a\000s\000e}{section.6.3}% 20
\BOOKMARK [2][-]{subsection.6.3.2}{\376\377\000A\000l\000c\000h\000e\000m\000y}{section.6.3}% 21
\BOOKMARK [2][-]{subsection.6.3.3}{\376\377\000M\000o\000r\000a\000l\000i\000s}{section.6.3}% 22
\BOOKMARK [1][-]{section.6.4}{\376\377\000I\000D\000E\000\040\000-\000\040\000V\000i\000s\000u\000a\000l\000\040\000S\000t\000u\000d\000i\000o\000\040\000C\000o\000d\000e}{chapter.6}% 23
\BOOKMARK [1][-]{section.6.5}{\376\377\000T\000r\000e\000l\000l\000o}{chapter.6}% 24
\BOOKMARK [1][-]{section.6.6}{\376\377\000F\000i\000g\000m\000a}{chapter.6}% 25
\BOOKMARK [0][-]{chapter.7}{\376\377\000M\000e\000t\000o\000d\000o\000l\000o\000g\000\355\000a\000s}{}% 26
\BOOKMARK [0][-]{chapter.8}{\376\377\000A\000n\000\341\000l\000i\000s\000i\000s\000\040\000y\000\040\000D\000i\000s\000e\000\361\000o}{}% 27
\BOOKMARK [0][-]{chapter.9}{\376\377\000D\000e\000s\000a\000r\000r\000o\000l\000l\000o}{}% 28
\BOOKMARK [0][-]{chapter.10}{\376\377\000E\000v\000a\000l\000u\000a\000c\000i\000\363\000n\000\040\000y\000\040\000r\000e\000s\000u\000l\000t\000a\000d\000o\000s}{}% 29
\BOOKMARK [0][-]{chapter.11}{\376\377\000C\000o\000n\000c\000l\000u\000s\000i\000o\000n\000e\000s\000\040\000y\000\040\000t\000r\000a\000b\000a\000j\000o\000\040\000f\000u\000t\000u\000r\000o}{}% 30
